<?xml version="1.0" encoding="UTF-8"?>
<!-- Generated by org.testng.reporters.JUnitReportReporter -->
<testsuite hostname="DESKTOP-S4R1TNB" failures="0" tests="8" name="testNG.Keywords2" time="0.014" errors="0" timestamp="2022-03-22T14:05:40 IST" skipped="0">
  <testcase classname="testNG.Keywords2" name="pqr" time="0.007"/>
  <system-out/>
  <testcase classname="testNG.Keywords2" name="xyz" time="0.001"/>
  <system-out/>
  <testcase classname="testNG.Keywords2" name="xyz" time="0.000"/>
  <system-out/>
  <testcase classname="testNG.Keywords2" name="xyz" time="0.001"/>
  <system-out/>
  <testcase classname="testNG.Keywords2" name="xyz" time="0.002"/>
  <system-out/>
  <testcase classname="testNG.Keywords2" name="xyz" time="0.001"/>
  <system-out/>
  <testcase classname="testNG.Keywords2" name="stu" time="0.001"/>
  <system-out/>
  <testcase classname="testNG.Keywords2" name="lmn" time="0.001"/>
  <system-out/>
</testsuite> <!-- testNG.Keywords2 -->
