<?xml version="1.0" encoding="UTF-8"?>
<!-- Generated by org.testng.reporters.JUnitReportReporter -->
<testsuite hostname="DESKTOP-S4R1TNB" failures="0" tests="2" name="groups.Group4" time="0.002" errors="0" timestamp="2022-02-28T18:32:12 IST" skipped="0">
  <testcase classname="groups.Group4" name="z" time="0.001"/>
  <system-out/>
  <testcase classname="groups.Group4" name="y" time="0.001"/>
  <system-out/>
</testsuite> <!-- groups.Group4 -->
