<?xml version="1.0" encoding="UTF-8"?>
<!-- Generated by org.testng.reporters.JUnitReportReporter -->
<testsuite hostname="DESKTOP-S4R1TNB" failures="0" tests="3" name="groups.TestGroups2" time="0.012" errors="0" timestamp="2022-02-18T00:14:33 IST" skipped="0">
  <testcase classname="groups.TestGroups2" name="a" time="0.010"/>
  <system-out/>
  <testcase classname="groups.TestGroups2" name="b" time="0.001"/>
  <system-out/>
  <testcase classname="groups.TestGroups2" name="c" time="0.001"/>
  <system-out/>
</testsuite> <!-- groups.TestGroups2 -->
