<?xml version="1.0" encoding="UTF-8"?>
<!-- Generated by org.testng.reporters.JUnitReportReporter -->
<testsuite hostname="DESKTOP-S4R1TNB" failures="0" tests="1" name="groups.Group3" time="0.010" errors="0" timestamp="2022-03-02T12:15:43 IST" skipped="0">
  <testcase classname="groups.Group3" name="q" time="0.010"/>
  <system-out/>
</testsuite> <!-- groups.Group3 -->
