<?xml version="1.0" encoding="UTF-8"?>
<!-- Generated by org.testng.reporters.JUnitReportReporter -->
<testsuite hostname="DESKTOP-S4R1TNB" failures="0" tests="1" name="testNG.Ann" time="0.151" errors="0" timestamp="2022-06-02T10:30:01 IST" skipped="0">
  <testcase classname="testNG.Ann" name="actualTestCaseExecution" time="0.151"/>
  <system-out/>
</testsuite> <!-- testNG.Ann -->
