<?xml version="1.0" encoding="UTF-8"?>
<!-- Generated by org.testng.reporters.JUnitReportReporter -->
<testsuite hostname="DESKTOP-S4R1TNB" failures="0" tests="3" name="groups.Group5" time="0.004" errors="0" timestamp="2022-02-18T00:30:26 IST" skipped="0">
  <testcase classname="groups.Group5" name="l" time="0.001"/>
  <system-out/>
  <testcase classname="groups.Group5" name="n" time="0.001"/>
  <system-out/>
  <testcase classname="groups.Group5" name="m" time="0.002"/>
  <system-out/>
</testsuite> <!-- groups.Group5 -->
