<?xml version="1.0" encoding="UTF-8"?>
<!-- Generated by org.testng.reporters.JUnitReportReporter -->
<testsuite hostname="DESKTOP-S4R1TNB" failures="0" tests="2" name="testNG.NewTestAssign" time="32.209" errors="0" timestamp="2022-02-17T01:21:09 IST" skipped="0">
  <testcase classname="testNG.NewTestAssign" name="url" time="16.864"/>
  <system-out/>
  <testcase classname="testNG.NewTestAssign" name="title" time="15.345"/>
  <system-out/>
</testsuite> <!-- testNG.NewTestAssign -->
