<?xml version="1.0" encoding="UTF-8"?>
<!-- Generated by org.testng.reporters.JUnitReportReporter -->
<testsuite hostname="DESKTOP-S4R1TNB" failures="0" tests="5" name="groups.TestGroup1" time="0.013" errors="0" timestamp="2022-03-02T19:37:39 IST" skipped="0">
  <testcase classname="groups.TestGroup1" name="m" time="0.010"/>
  <system-out/>
  <testcase classname="groups.TestGroup1" name="n" time="0.001"/>
  <system-out/>
  <testcase classname="groups.TestGroup1" name="o" time="0.001"/>
  <system-out/>
  <testcase classname="groups.TestGroup1" name="q" time="0.001"/>
  <system-out/>
  <testcase classname="groups.TestGroup1" name="p" time="0.000"/>
  <system-out/>
</testsuite> <!-- groups.TestGroup1 -->
