<?xml version="1.0" encoding="UTF-8"?>
<!-- Generated by org.testng.reporters.JUnitReportReporter -->
<testsuite hostname="DESKTOP-S4R1TNB" failures="0" tests="1" name="testNG.Assignment" time="0.001" errors="0" timestamp="2022-03-22T14:05:40 IST" skipped="0">
  <testcase classname="testNG.Assignment" name="title" time="0.001"/>
  <system-out/>
</testsuite> <!-- testNG.Assignment -->
