<?xml version="1.0" encoding="UTF-8"?>
<!-- Generated by org.testng.reporters.JUnitReportReporter -->
<testsuite hostname="DESKTOP-S4R1TNB" failures="0" tests="5" name="testNG.Keywords" time="0.002" errors="0" timestamp="2022-03-22T14:05:40 IST" skipped="0">
  <testcase classname="testNG.Keywords" name="pqr" time="0.000"/>
  <system-out/>
  <testcase classname="testNG.Keywords" name="def" time="0.001"/>
  <system-out/>
  <testcase classname="testNG.Keywords" name="abc" time="0.000"/>
  <system-out/>
  <testcase classname="testNG.Keywords" name="mno" time="0.000"/>
  <system-out/>
  <testcase classname="testNG.Keywords" name="xyz" time="0.001"/>
  <system-out/>
</testsuite> <!-- testNG.Keywords -->
